<?xml version="1.0" encoding="UTF-8"?>
<testng-results skipped="0" failed="0" total="1" passed="1">
  <reporter-output>
  </reporter-output>
  <suite name="Suite" duration-ms="66" started-at="2021-07-10T11:36:31Z" finished-at="2021-07-10T11:36:31Z">
    <groups>
    </groups>
    <test name="Test" duration-ms="66" started-at="2021-07-10T11:36:31Z" finished-at="2021-07-10T11:36:31Z">
      <class name="BatchFile.Runbatch">
        <test-method status="PASS" signature="testbatch()[pri:0, instance:BatchFile.Runbatch@4de8b406]" name="testbatch" duration-ms="18" started-at="2021-07-10T17:06:31Z" finished-at="2021-07-10T17:06:31Z">
          <reporter-output>
          </reporter-output>
        </test-method> <!-- testbatch -->
      </class> <!-- BatchFile.Runbatch -->
    </test> <!-- Test -->
  </suite> <!-- Suite -->
</testng-results>
