<?xml version="1.0" encoding="UTF-8"?>
<testng-results skipped="0" failed="0" ignored="0" total="1" passed="1">
  <reporter-output>
  </reporter-output>
  <suite name="Suite" duration-ms="53" started-at="2021-07-11T07:32:07Z" finished-at="2021-07-11T07:32:07Z">
    <groups>
    </groups>
    <test name="Test" duration-ms="53" started-at="2021-07-11T07:32:07Z" finished-at="2021-07-11T07:32:07Z">
      <class name="BatchFile.Runbatch">
        <test-method status="PASS" signature="testbatch()[pri:0, instance:BatchFile.Runbatch@3ecf72fd]" name="testbatch" duration-ms="9" started-at="2021-07-11T07:32:07Z" finished-at="2021-07-11T07:32:07Z">
          <reporter-output>
          </reporter-output>
        </test-method> <!-- testbatch -->
      </class> <!-- BatchFile.Runbatch -->
    </test> <!-- Test -->
  </suite> <!-- Suite -->
</testng-results>
